

*******************************************************************************
Sat Jun 27 17:38:56 2020


FIT:    data read from "lockin_ch0_x.dat" every ::1 u 1:(($3-8.533540E-3)/(1.642620E-2-8.533540E-3))
        format = x:z
        x range restricted to [50.4399 : 54.1899]
        #datapoints = 601
        residuals are weighted equally (unit weight)

function used for fitting: f(x)
	f(x)=exp((-(x-mu)**2)/(2*sigma**2))
fitted parameters initialized with current variable values

iter      chisq       delta/lim  lambda   mu            sigma        
   0 2.7572605092e+02   0.00e+00  1.74e+01    5.220000e+01   1.000000e+00
BREAK: w = 0 in Givens();  Cjj = -1.82439e-176,  Cij = -5.09085e-175

*******************************************************************************
Sat Jun 27 17:41:58 2020


FIT:    data read from "lockin_ch0_x.dat" every ::1 u 1:(($3-8.533540E-3)/(1.642620E-2-8.533540E-3))
        format = x:z
        x range restricted to [52.0583 : 52.3805]
        #datapoints = 65
        residuals are weighted equally (unit weight)

function used for fitting: f(x) [52.15:52.31]
	f(x)=exp((-(x-mu)**2)/(2*sigma**2))
fitted parameters initialized with current variable values



*******************************************************************************
Sat Jun 27 17:42:20 2020


FIT:    data read from "lockin_ch0_x.dat" every ::1 u 1:(($3-8.533540E-3)/(1.642620E-2-8.533540E-3))
        format = x:z
        x range restricted to [52.1500 : 52.3100]
        #datapoints = 33
        residuals are weighted equally (unit weight)

function used for fitting: f(x)
	f(x)=exp((-(x-mu)**2)/(2*sigma**2))
fitted parameters initialized with current variable values

iter      chisq       delta/lim  lambda   mu            sigma        
   0 2.5251177277e-01   0.00e+00  3.31e+02    5.223386e+01   4.304963e-02
   5 4.5312690569e-03   0.00e+00  3.31e+07    5.222777e+01   3.877629e-02

After 5 iterations the fit converged.
final sum of squares of residuals : 0.00453127
rel. change during last iteration : 0

degrees of freedom    (FIT_NDF)                        : 31
rms of residuals      (FIT_STDFIT) = sqrt(WSSR/ndf)    : 0.0120901
variance of residuals (reduced chisquare) = WSSR/ndf   : 0.00014617

Final set of parameters            Asymptotic Standard Error
=======================            ==========================
mu              = 52.2278          +/- 0.0002155    (0.0004127%)
sigma           = 0.0387763        +/- 0.0001553    (0.4004%)

correlation matrix of the fit parameters:
                mu     sigma  
mu              1.000 
sigma          -0.090  1.000 
